-------------------------------------------------------------------------------
Test set: controlador.DocenteDAOTest
-------------------------------------------------------------------------------
Tests run: 9, Failures: 1, Errors: 0, Skipped: 0, Time elapsed: 0.136 s <<< FAILURE! - in controlador.DocenteDAOTest
testObtenerAsistenciaPorEstudiante(controlador.DocenteDAOTest)  Time elapsed: 0.012 s  <<< FAILURE!
org.junit.ComparisonFailure: El estado de la asistencia debería ser 'Presente' expected:<[Present]e> but was:<[Tard]e>
	at controlador.DocenteDAOTest.testObtenerAsistenciaPorEstudiante(DocenteDAOTest.java:70)

